<?xml version="1.0" encoding="UTF-8"?>
<!-- Generated by org.testng.reporters.JUnitReportReporter -->
<testsuite skipped="0" hostname="DESKTOP-1NRTKJ3" name="com.testcases.LoginTestcase" tests="1" failures="0" timestamp="08 Sep 2020 20:53:36 GMT" time="2.381" errors="0">
  <testcase name="login" time="2.381" classname="com.testcases.LoginTestcase"/>
</testsuite> <!-- com.testcases.LoginTestcase -->
