<?xml version="1.0" encoding="UTF-8"?>
<!-- Generated by org.testng.reporters.JUnitReportReporter -->
<testsuite skipped="0" hostname="DESKTOP-1NRTKJ3" name="com.testcases.HwLoginTestcase" tests="1" failures="0" timestamp="08 Sep 2020 23:11:12 GMT" time="4.503" errors="0">
  <testcase name="login" time="4.503" classname="com.testcases.HwLoginTestcase"/>
</testsuite> <!-- com.testcases.HwLoginTestcase -->
